{"level":"info","message":"Server listening at port 3000 in undefined mode","timestamp":"2025-11-20T14:56:52.508Z"}
{"level":"info","message":"Server listening at port 3000 in undefined mode","timestamp":"2025-11-20T17:19:24.701Z"}
{"level":"info","message":"::1 - - [20/Nov/2025:17:19:35 +0000] \"GET / HTTP/1.1\" 404 39 \"-\" \"Mozilla/5.0 (Windows NT 10.0; Win64; x64) AppleWebKit/537.36 (KHTML, like Gecko) Chrome/142.0.0.0 Safari/537.36\"","timestamp":"2025-11-20T17:19:35.605Z"}
{"level":"info","message":"::1 - - [20/Nov/2025:17:19:35 +0000] \"GET /favicon.ico HTTP/1.1\" 404 39 \"http://localhost:3000/\" \"Mozilla/5.0 (Windows NT 10.0; Win64; x64) AppleWebKit/537.36 (KHTML, like Gecko) Chrome/142.0.0.0 Safari/537.36\"","timestamp":"2025-11-20T17:19:35.700Z"}
{"level":"info","message":"::1 - - [20/Nov/2025:17:19:56 +0000] \"GET / HTTP/1.1\" 404 39 \"-\" \"Mozilla/5.0 (Windows NT 10.0; Win64; x64) AppleWebKit/537.36 (KHTML, like Gecko) Chrome/142.0.0.0 Safari/537.36\"","timestamp":"2025-11-20T17:19:56.401Z"}
{"level":"info","message":"::1 - - [20/Nov/2025:17:20:02 +0000] \"GET / HTTP/1.1\" 404 39 \"-\" \"Mozilla/5.0 (Windows NT 10.0; Win64; x64) AppleWebKit/537.36 (KHTML, like Gecko) Chrome/142.0.0.0 Safari/537.36\"","timestamp":"2025-11-20T17:20:02.450Z"}
{"level":"info","message":"::1 - - [20/Nov/2025:17:21:16 +0000] \"GET / HTTP/1.1\" 404 39 \"-\" \"Mozilla/5.0 (Windows NT 10.0; Win64; x64) AppleWebKit/537.36 (KHTML, like Gecko) Chrome/142.0.0.0 Safari/537.36\"","timestamp":"2025-11-20T17:21:16.164Z"}
{"level":"info","message":"::1 - - [20/Nov/2025:17:21:26 +0000] \"GET /health HTTP/1.1\" 404 39 \"-\" \"Mozilla/5.0 (Windows NT 10.0; Win64; x64) AppleWebKit/537.36 (KHTML, like Gecko) Chrome/142.0.0.0 Safari/537.36\"","timestamp":"2025-11-20T17:21:26.162Z"}
{"level":"info","message":"::1 - - [20/Nov/2025:17:22:02 +0000] \"GET /api HTTP/1.1\" 404 39 \"-\" \"Mozilla/5.0 (Windows NT 10.0; Win64; x64) AppleWebKit/537.36 (KHTML, like Gecko) Chrome/142.0.0.0 Safari/537.36\"","timestamp":"2025-11-20T17:22:02.767Z"}
{"level":"info","message":"::1 - - [20/Nov/2025:17:22:08 +0000] \"GET /api/health HTTP/1.1\" 200 46 \"-\" \"Mozilla/5.0 (Windows NT 10.0; Win64; x64) AppleWebKit/537.36 (KHTML, like Gecko) Chrome/142.0.0.0 Safari/537.36\"","timestamp":"2025-11-20T17:22:08.452Z"}
{"level":"info","message":"Server listening at port 3000 in undefined mode","timestamp":"2025-11-20T17:28:36.875Z"}
{"level":"info","message":"Server listening at port 3000 in undefined mode","timestamp":"2025-11-20T17:28:45.550Z"}
{"level":"info","message":"Server listening at port 3000 in undefined mode","timestamp":"2025-11-20T17:28:51.952Z"}
{"level":"info","message":"Server listening at port 3000 in undefined mode","timestamp":"2025-11-20T17:29:03.005Z"}
{"level":"info","message":"Server listening at port 3000 in undefined mode","timestamp":"2025-11-20T17:29:09.068Z"}
{"level":"info","message":"Server listening at port 3000 in undefined mode","timestamp":"2025-11-20T17:29:18.053Z"}
{"level":"info","message":"Server listening at port 3000 in undefined mode","timestamp":"2025-11-20T17:29:27.180Z"}
{"level":"info","message":"Server listening at port 3000 in undefined mode","timestamp":"2025-11-20T17:29:30.369Z"}
{"level":"info","message":"Server listening at port 3000 in undefined mode","timestamp":"2025-11-20T17:29:33.540Z"}
{"level":"info","message":"Server listening at port 3000 in undefined mode","timestamp":"2025-11-20T17:29:37.272Z"}
{"level":"info","message":"Server listening at port 3000 in undefined mode","timestamp":"2025-11-20T17:29:39.301Z"}
{"level":"info","message":"Server listening at port 3000 in undefined mode","timestamp":"2025-11-20T17:29:40.491Z"}
{"level":"info","message":"Server listening at port 3000 in undefined mode","timestamp":"2025-11-20T17:29:47.203Z"}
{"level":"info","message":"Server listening at port 3000 in undefined mode","timestamp":"2025-11-20T17:29:52.492Z"}
{"level":"info","message":"Server listening at port 3000 in undefined mode","timestamp":"2025-11-20T17:29:54.683Z"}
{"level":"info","message":"Server listening at port 3000 in undefined mode","timestamp":"2025-11-20T17:30:00.498Z"}
{"level":"info","message":"Server listening at port 3000 in undefined mode","timestamp":"2025-11-20T17:30:04.991Z"}
{"level":"info","message":"Server listening at port 3000 in undefined mode","timestamp":"2025-11-20T17:30:12.720Z"}
{"level":"info","message":"Server listening at port 3000 in undefined mode","timestamp":"2025-11-20T17:30:17.666Z"}
{"level":"info","message":"Server listening at port 3000 in undefined mode","timestamp":"2025-11-20T17:30:31.751Z"}
{"level":"info","message":"Server listening at port 3000 in undefined mode","timestamp":"2025-11-20T17:30:38.270Z"}
{"level":"info","message":"Server listening at port 3000 in undefined mode","timestamp":"2025-11-20T17:30:42.681Z"}
{"level":"info","message":"Server listening at port 3000 in undefined mode","timestamp":"2025-11-20T17:30:44.322Z"}
{"level":"info","message":"Server listening at port 3000 in undefined mode","timestamp":"2025-11-20T17:30:46.144Z"}
{"level":"info","message":"Server listening at port 3000 in undefined mode","timestamp":"2025-11-20T17:30:47.625Z"}
{"level":"info","message":"Server listening at port 3000 in undefined mode","timestamp":"2025-11-20T17:30:58.763Z"}
{"level":"info","message":"Server listening at port 3000 in undefined mode","timestamp":"2025-11-20T17:31:01.569Z"}
{"level":"info","message":"Server listening at port 3000 in undefined mode","timestamp":"2025-11-20T17:31:15.528Z"}
{"level":"info","message":"Server listening at port 3000 in undefined mode","timestamp":"2025-11-20T17:31:17.096Z"}
{"level":"info","message":"Server listening at port 3000 in undefined mode","timestamp":"2025-11-20T17:31:18.299Z"}
{"level":"info","message":"Server listening at port 3000 in undefined mode","timestamp":"2025-11-20T17:31:20.873Z"}
{"level":"info","message":"Server listening at port 3000 in undefined mode","timestamp":"2025-11-20T17:31:26.031Z"}
{"level":"info","message":"Server listening at port 3000 in undefined mode","timestamp":"2025-11-20T17:31:32.207Z"}
{"level":"info","message":"Server listening at port 3000 in undefined mode","timestamp":"2025-11-20T17:31:35.747Z"}
{"level":"info","message":"Server listening at port 3000 in undefined mode","timestamp":"2025-11-20T17:31:38.399Z"}
{"level":"info","message":"Server listening at port 3000 in undefined mode","timestamp":"2025-11-20T17:31:45.004Z"}
{"level":"info","message":"Server listening at port 3000 in undefined mode","timestamp":"2025-11-20T17:31:51.923Z"}
{"level":"info","message":"Server listening at port 3000 in undefined mode","timestamp":"2025-11-20T17:31:56.342Z"}
{"level":"info","message":"Server listening at port 3000 in undefined mode","timestamp":"2025-11-20T17:31:58.710Z"}
{"level":"info","message":"Server listening at port 3000 in undefined mode","timestamp":"2025-11-20T17:32:07.737Z"}
{"level":"info","message":"Server listening at port 3000 in undefined mode","timestamp":"2025-11-20T17:33:19.430Z"}
{"level":"info","message":"Server listening at port 3000 in undefined mode","timestamp":"2025-11-20T17:33:44.064Z"}
{"level":"info","message":"Server listening at port 3000 in undefined mode","timestamp":"2025-11-20T17:33:59.585Z"}
{"level":"info","message":"Server listening at port 3000 in undefined mode","timestamp":"2025-11-20T17:34:07.974Z"}
{"level":"info","message":"Server listening at port 3000 in undefined mode","timestamp":"2025-11-20T17:34:24.640Z"}
{"level":"info","message":"Server listening at port 3000 in undefined mode","timestamp":"2025-11-20T17:34:27.587Z"}
{"level":"info","message":"Server listening at port 3000 in undefined mode","timestamp":"2025-11-20T17:34:32.053Z"}
{"level":"info","message":"Server listening at port 3000 in undefined mode","timestamp":"2025-11-20T17:34:33.995Z"}
{"level":"info","message":"Server listening at port 3000 in undefined mode","timestamp":"2025-11-20T17:34:38.707Z"}
{"level":"info","message":"Server listening at port 3000 in undefined mode","timestamp":"2025-11-20T17:34:42.263Z"}
{"level":"info","message":"Server listening at port 3000 in undefined mode","timestamp":"2025-11-20T17:34:45.725Z"}
{"level":"info","message":"Server listening at port 3000 in undefined mode","timestamp":"2025-11-20T17:34:48.564Z"}
{"level":"info","message":"Server listening at port 3000 in undefined mode","timestamp":"2025-11-20T17:34:55.892Z"}
{"level":"info","message":"Server listening at port 3000 in undefined mode","timestamp":"2025-11-20T17:34:57.160Z"}
{"level":"info","message":"Server listening at port 3000 in undefined mode","timestamp":"2025-11-20T17:34:59.532Z"}
{"level":"info","message":"Server listening at port 3000 in undefined mode","timestamp":"2025-11-20T17:35:01.500Z"}
{"level":"info","message":"Server listening at port 3000 in undefined mode","timestamp":"2025-11-20T17:35:04.178Z"}
{"level":"info","message":"Server listening at port 3000 in undefined mode","timestamp":"2025-11-20T17:35:06.434Z"}
{"level":"info","message":"Server listening at port 3000 in undefined mode","timestamp":"2025-11-20T17:35:09.831Z"}
{"level":"info","message":"Server listening at port 3000 in undefined mode","timestamp":"2025-11-20T17:35:11.479Z"}
{"level":"info","message":"Server listening at port 3000 in undefined mode","timestamp":"2025-11-20T17:35:12.634Z"}
{"level":"info","message":"Server listening at port 3000 in undefined mode","timestamp":"2025-11-20T17:35:15.229Z"}
{"level":"info","message":"Server listening at port 3000 in undefined mode","timestamp":"2025-11-20T17:35:27.127Z"}
{"level":"info","message":"Server listening at port 3000 in undefined mode","timestamp":"2025-11-20T17:35:35.209Z"}
{"level":"info","message":"Server listening at port 3000 in undefined mode","timestamp":"2025-11-20T17:35:43.389Z"}
{"level":"info","message":"Server listening at port 3000 in undefined mode","timestamp":"2025-11-20T17:35:45.421Z"}
{"level":"info","message":"Server listening at port 3000 in undefined mode","timestamp":"2025-11-20T17:36:13.333Z"}
{"level":"info","message":"Server listening at port 3000 in undefined mode","timestamp":"2025-11-20T17:36:19.135Z"}
{"level":"info","message":"Server listening at port 3000 in undefined mode","timestamp":"2025-11-20T17:36:20.348Z"}
{"level":"info","message":"Server listening at port 3000 in undefined mode","timestamp":"2025-11-20T17:36:21.505Z"}
{"level":"info","message":"Server listening at port 3000 in undefined mode","timestamp":"2025-11-20T17:36:24.139Z"}
{"level":"info","message":"Server listening at port 3000 in undefined mode","timestamp":"2025-11-20T17:36:39.979Z"}
{"level":"info","message":"Server listening at port 3000 in undefined mode","timestamp":"2025-11-20T17:36:42.920Z"}
{"level":"info","message":"Server listening at port 3000 in undefined mode","timestamp":"2025-11-20T17:37:03.943Z"}
{"level":"info","message":"Server listening at port 3000 in undefined mode","timestamp":"2025-11-20T17:37:05.658Z"}
{"level":"info","message":"Server listening at port 3000 in undefined mode","timestamp":"2025-11-20T17:37:15.508Z"}
{"level":"info","message":"Server listening at port 3000 in undefined mode","timestamp":"2025-11-20T17:37:19.798Z"}
{"level":"info","message":"Server listening at port 3000 in undefined mode","timestamp":"2025-11-20T17:37:22.523Z"}
{"level":"info","message":"Server listening at port 3000 in undefined mode","timestamp":"2025-11-20T17:37:27.993Z"}
{"level":"info","message":"Server listening at port 3000 in undefined mode","timestamp":"2025-11-20T17:37:35.184Z"}
{"level":"info","message":"Server listening at port 3000 in undefined mode","timestamp":"2025-11-20T17:37:44.972Z"}
{"level":"info","message":"Server listening at port 3000 in undefined mode","timestamp":"2025-11-20T17:37:46.622Z"}
{"level":"info","message":"Server listening at port 3000 in undefined mode","timestamp":"2025-11-20T17:37:53.595Z"}
{"level":"info","message":"Server listening at port 3000 in undefined mode","timestamp":"2025-11-20T17:38:07.786Z"}
{"level":"info","message":"Server listening at port 3000 in undefined mode","timestamp":"2025-11-20T17:38:17.860Z"}
{"level":"info","message":"Server listening at port 3000 in undefined mode","timestamp":"2025-11-20T17:38:28.604Z"}
{"level":"info","message":"Server listening at port 3000 in undefined mode","timestamp":"2025-11-20T17:38:31.907Z"}
{"level":"info","message":"Server listening at port 3000 in undefined mode","timestamp":"2025-11-20T17:38:37.843Z"}
{"level":"info","message":"Server listening at port 3000 in undefined mode","timestamp":"2025-11-20T17:38:39.616Z"}
{"level":"info","message":"Server listening at port 3000 in undefined mode","timestamp":"2025-11-20T17:38:45.269Z"}
{"level":"info","message":"Server listening at port 3000 in undefined mode","timestamp":"2025-11-20T17:38:54.442Z"}
{"level":"info","message":"Server listening at port 3000 in undefined mode","timestamp":"2025-11-20T17:38:57.717Z"}
{"level":"info","message":"Server listening at port 3000 in undefined mode","timestamp":"2025-11-20T17:39:09.237Z"}
{"level":"info","message":"Server listening at port 3000 in undefined mode","timestamp":"2025-11-20T17:39:13.582Z"}
{"level":"info","message":"Server listening at port 3000 in undefined mode","timestamp":"2025-11-20T17:39:15.249Z"}
{"level":"info","message":"Server listening at port 3000 in undefined mode","timestamp":"2025-11-20T17:39:18.509Z"}
{"level":"info","message":"Server listening at port 3000 in undefined mode","timestamp":"2025-11-20T17:39:20.312Z"}
{"level":"info","message":"Server listening at port 3000 in undefined mode","timestamp":"2025-11-20T17:39:22.707Z"}
{"level":"info","message":"Server listening at port 3000 in undefined mode","timestamp":"2025-11-20T17:39:31.469Z"}
{"level":"info","message":"Server listening at port 3000 in undefined mode","timestamp":"2025-11-20T17:39:43.776Z"}
{"level":"info","message":"Server listening at port 3000 in undefined mode","timestamp":"2025-11-20T17:39:47.597Z"}
{"level":"info","message":"Server listening at port 3000 in undefined mode","timestamp":"2025-11-20T17:39:55.578Z"}
{"level":"info","message":"Server listening at port 3000 in undefined mode","timestamp":"2025-11-20T17:39:58.557Z"}
{"level":"info","message":"Server listening at port 3000 in undefined mode","timestamp":"2025-11-20T17:40:01.300Z"}
{"level":"info","message":"Server listening at port 3000 in undefined mode","timestamp":"2025-11-20T17:40:05.727Z"}
{"level":"info","message":"Server listening at port 3000 in undefined mode","timestamp":"2025-11-20T17:40:09.230Z"}
{"level":"info","message":"Server listening at port 3000 in undefined mode","timestamp":"2025-11-20T17:40:12.737Z"}
{"level":"info","message":"Server listening at port 3000 in undefined mode","timestamp":"2025-11-20T17:40:14.758Z"}
{"level":"info","message":"Server listening at port 3000 in undefined mode","timestamp":"2025-11-20T17:40:17.116Z"}
{"level":"info","message":"Server listening at port 3000 in undefined mode","timestamp":"2025-11-20T17:40:20.455Z"}
{"level":"info","message":"Server listening at port 3000 in undefined mode","timestamp":"2025-11-20T17:40:21.942Z"}
{"level":"info","message":"Server listening at port 3000 in undefined mode","timestamp":"2025-11-20T17:40:23.393Z"}
{"level":"info","message":"Server listening at port 3000 in undefined mode","timestamp":"2025-11-20T17:40:34.645Z"}
{"level":"info","message":"Server listening at port 3000 in undefined mode","timestamp":"2025-11-20T17:40:37.380Z"}
{"level":"info","message":"Server listening at port 3000 in undefined mode","timestamp":"2025-11-20T17:40:44.577Z"}
{"level":"info","message":"Server listening at port 3000 in undefined mode","timestamp":"2025-11-20T17:40:46.664Z"}
{"level":"info","message":"Server listening at port 3000 in undefined mode","timestamp":"2025-11-20T17:41:01.342Z"}
{"level":"info","message":"Server listening at port 3000 in undefined mode","timestamp":"2025-11-20T17:41:02.859Z"}
{"level":"info","message":"Server listening at port 3000 in undefined mode","timestamp":"2025-11-20T17:41:10.087Z"}
{"level":"info","message":"Server listening at port 3000 in undefined mode","timestamp":"2025-11-20T17:41:15.025Z"}
{"level":"info","message":"Server listening at port 3000 in undefined mode","timestamp":"2025-11-20T17:41:21.013Z"}
{"level":"info","message":"Server listening at port 3000 in undefined mode","timestamp":"2025-11-20T17:41:27.616Z"}
{"level":"info","message":"Server listening at port 3000 in undefined mode","timestamp":"2025-11-20T17:41:33.076Z"}
{"level":"info","message":"Server listening at port 3000 in undefined mode","timestamp":"2025-11-20T17:41:40.261Z"}
{"level":"info","message":"Server listening at port 3000 in undefined mode","timestamp":"2025-11-20T17:41:47.260Z"}
{"level":"info","message":"Server listening at port 3000 in undefined mode","timestamp":"2025-11-20T17:41:49.258Z"}
{"level":"info","message":"Server listening at port 3000 in undefined mode","timestamp":"2025-11-20T17:41:50.837Z"}
{"level":"info","message":"Server listening at port 3000 in undefined mode","timestamp":"2025-11-20T17:41:53.067Z"}
{"level":"info","message":"Server listening at port 3000 in undefined mode","timestamp":"2025-11-20T17:41:57.108Z"}
{"level":"info","message":"Server listening at port 3000 in undefined mode","timestamp":"2025-11-20T17:42:01.635Z"}
{"level":"info","message":"Server listening at port 3000 in undefined mode","timestamp":"2025-11-20T17:42:08.977Z"}
{"level":"info","message":"Server listening at port 3000 in undefined mode","timestamp":"2025-11-20T17:42:11.745Z"}
{"level":"info","message":"Server listening at port 3000 in undefined mode","timestamp":"2025-11-20T17:42:15.593Z"}
{"level":"info","message":"Server listening at port 3000 in undefined mode","timestamp":"2025-11-20T17:42:19.268Z"}
{"level":"info","message":"Server listening at port 3000 in undefined mode","timestamp":"2025-11-20T17:42:22.406Z"}
{"level":"info","message":"Server listening at port 3000 in undefined mode","timestamp":"2025-11-20T17:42:23.402Z"}
{"level":"info","message":"Server listening at port 3000 in undefined mode","timestamp":"2025-11-20T17:42:27.775Z"}
{"level":"info","message":"Server listening at port 3000 in undefined mode","timestamp":"2025-11-20T17:42:33.507Z"}
{"level":"info","message":"Server listening at port 3000 in undefined mode","timestamp":"2025-11-20T17:42:39.571Z"}
{"level":"info","message":"Server listening at port 3000 in undefined mode","timestamp":"2025-11-20T17:42:44.102Z"}
{"level":"info","message":"Server listening at port 3000 in undefined mode","timestamp":"2025-11-20T17:42:48.132Z"}
{"level":"info","message":"Server listening at port 3000 in undefined mode","timestamp":"2025-11-20T17:42:56.921Z"}
{"level":"info","message":"Server listening at port 3000 in undefined mode","timestamp":"2025-11-20T17:42:59.051Z"}
{"level":"info","message":"Server listening at port 3000 in undefined mode","timestamp":"2025-11-20T17:43:00.387Z"}
{"level":"info","message":"Server listening at port 3000 in undefined mode","timestamp":"2025-11-20T17:43:48.238Z"}
{"level":"info","message":"Server listening at port 3000 in undefined mode","timestamp":"2025-11-20T17:43:52.262Z"}
{"level":"info","message":"Server listening at port 3000 in undefined mode","timestamp":"2025-11-20T17:43:56.230Z"}
{"level":"info","message":"Server listening at port 3000 in undefined mode","timestamp":"2025-11-20T17:44:02.902Z"}
{"level":"info","message":"Server listening at port 3000 in undefined mode","timestamp":"2025-11-20T17:44:26.390Z"}
{"level":"info","message":"Server listening at port 3000 in undefined mode","timestamp":"2025-11-20T17:44:31.331Z"}
{"level":"info","message":"Server listening at port 3000 in undefined mode","timestamp":"2025-11-20T17:44:32.847Z"}
{"level":"info","message":"Server listening at port 3000 in undefined mode","timestamp":"2025-11-20T17:44:47.238Z"}
{"level":"info","message":"Server listening at port 3000 in undefined mode","timestamp":"2025-11-20T17:44:53.048Z"}
{"level":"info","message":"Server listening at port 3000 in undefined mode","timestamp":"2025-11-20T17:44:55.671Z"}
{"level":"info","message":"Server listening at port 3000 in undefined mode","timestamp":"2025-11-20T17:45:01.519Z"}
{"level":"info","message":"Server listening at port 3000 in undefined mode","timestamp":"2025-11-20T17:45:02.622Z"}
{"level":"info","message":"Server listening at port 3000 in undefined mode","timestamp":"2025-11-20T17:45:04.198Z"}
{"level":"info","message":"Server listening at port 3000 in undefined mode","timestamp":"2025-11-20T17:45:35.889Z"}
{"level":"info","message":"Server listening at port 3000 in undefined mode","timestamp":"2025-11-20T17:45:42.994Z"}
{"level":"info","message":"Server listening at port 3000 in undefined mode","timestamp":"2025-11-20T17:45:53.097Z"}
{"level":"info","message":"Server listening at port 3000 in undefined mode","timestamp":"2025-11-20T17:46:13.735Z"}
{"level":"info","message":"Server listening at port 3000 in undefined mode","timestamp":"2025-11-20T17:46:26.218Z"}
{"level":"info","message":"Server listening at port 3000 in undefined mode","timestamp":"2025-11-20T17:46:29.052Z"}
{"level":"info","message":"Server listening at port 3000 in undefined mode","timestamp":"2025-11-20T17:46:30.606Z"}
{"level":"info","message":"Server listening at port 3000 in undefined mode","timestamp":"2025-11-20T17:46:32.795Z"}
{"level":"info","message":"Server listening at port 3000 in undefined mode","timestamp":"2025-11-20T17:46:38.763Z"}
{"level":"info","message":"Server listening at port 3000 in undefined mode","timestamp":"2025-11-20T17:46:51.804Z"}
{"level":"info","message":"Server listening at port 3000 in undefined mode","timestamp":"2025-11-20T17:47:03.289Z"}
{"level":"info","message":"Server listening at port 3000 in undefined mode","timestamp":"2025-11-20T17:47:12.690Z"}
{"level":"info","message":"Server listening at port 3000 in undefined mode","timestamp":"2025-11-20T17:47:13.746Z"}
{"level":"info","message":"Server listening at port 3000 in undefined mode","timestamp":"2025-11-20T17:47:15.463Z"}
{"level":"info","message":"Server listening at port 3000 in undefined mode","timestamp":"2025-11-20T17:47:18.541Z"}
{"level":"info","message":"Server listening at port 3000 in undefined mode","timestamp":"2025-11-20T17:47:22.699Z"}
{"level":"info","message":"Server listening at port 3000 in undefined mode","timestamp":"2025-11-20T17:47:25.422Z"}
{"level":"info","message":"Server listening at port 3000 in undefined mode","timestamp":"2025-11-20T17:47:28.250Z"}
{"level":"info","message":"Server listening at port 3000 in undefined mode","timestamp":"2025-11-20T17:47:32.249Z"}
{"level":"info","message":"Server listening at port 3000 in undefined mode","timestamp":"2025-11-20T17:47:36.939Z"}
{"level":"info","message":"Server listening at port 3000 in undefined mode","timestamp":"2025-11-20T17:47:41.990Z"}
{"level":"info","message":"Server listening at port 3000 in undefined mode","timestamp":"2025-11-20T17:47:45.977Z"}
{"level":"info","message":"Server listening at port 3000 in undefined mode","timestamp":"2025-11-20T17:47:49.505Z"}
{"level":"info","message":"Server listening at port 3000 in undefined mode","timestamp":"2025-11-20T17:47:52.316Z"}
{"level":"info","message":"Server listening at port 3000 in undefined mode","timestamp":"2025-11-20T17:47:55.387Z"}
{"level":"info","message":"Server listening at port 3000 in undefined mode","timestamp":"2025-11-20T17:47:57.500Z"}
{"level":"info","message":"Server listening at port 3000 in undefined mode","timestamp":"2025-11-20T17:48:00.952Z"}
{"level":"info","message":"Server listening at port 3000 in undefined mode","timestamp":"2025-11-20T17:48:02.496Z"}
{"level":"info","message":"Server listening at port 3000 in undefined mode","timestamp":"2025-11-20T17:48:06.734Z"}
{"level":"info","message":"Server listening at port 3000 in undefined mode","timestamp":"2025-11-20T17:48:09.295Z"}
{"level":"info","message":"Server listening at port 3000 in undefined mode","timestamp":"2025-11-20T17:48:12.234Z"}
{"level":"info","message":"Server listening at port 3000 in undefined mode","timestamp":"2025-11-20T17:48:24.153Z"}
{"level":"info","message":"Server listening at port 3000 in undefined mode","timestamp":"2025-11-20T17:48:36.323Z"}
{"level":"info","message":"Server listening at port 3000 in undefined mode","timestamp":"2025-11-20T17:48:43.163Z"}
{"level":"info","message":"Server listening at port 3000 in undefined mode","timestamp":"2025-11-20T17:48:48.370Z"}
{"level":"info","message":"Server listening at port 3000 in undefined mode","timestamp":"2025-11-20T17:48:49.791Z"}
{"level":"info","message":"Server listening at port 3000 in undefined mode","timestamp":"2025-11-20T17:48:55.242Z"}
{"level":"info","message":"Server listening at port 3000 in undefined mode","timestamp":"2025-11-20T17:48:56.498Z"}
{"level":"info","message":"Server listening at port 3000 in undefined mode","timestamp":"2025-11-20T17:49:03.337Z"}
{"level":"info","message":"Server listening at port 3000 in undefined mode","timestamp":"2025-11-20T17:49:16.677Z"}
{"level":"info","message":"Server listening at port 3000 in undefined mode","timestamp":"2025-11-20T17:49:18.341Z"}
{"level":"info","message":"Server listening at port 3000 in undefined mode","timestamp":"2025-11-20T17:49:24.190Z"}
{"level":"info","message":"Server listening at port 3000 in undefined mode","timestamp":"2025-11-20T17:49:27.051Z"}
{"level":"info","message":"Server listening at port 3000 in undefined mode","timestamp":"2025-11-20T17:49:31.031Z"}
{"level":"info","message":"Server listening at port 3000 in undefined mode","timestamp":"2025-11-20T17:49:32.938Z"}
{"level":"info","message":"Server listening at port 3000 in undefined mode","timestamp":"2025-11-20T17:49:39.606Z"}
{"level":"info","message":"Server listening at port 3000 in undefined mode","timestamp":"2025-11-20T17:49:43.740Z"}
{"level":"info","message":"Server listening at port 3000 in undefined mode","timestamp":"2025-11-20T17:49:48.594Z"}
{"level":"info","message":"Server listening at port 3000 in undefined mode","timestamp":"2025-11-20T17:50:00.931Z"}
{"level":"info","message":"Server listening at port 3000 in undefined mode","timestamp":"2025-11-20T17:50:02.602Z"}
{"level":"info","message":"Server listening at port 3000 in undefined mode","timestamp":"2025-11-20T17:50:06.460Z"}
{"level":"info","message":"Server listening at port 3000 in undefined mode","timestamp":"2025-11-20T17:50:08.931Z"}
{"level":"info","message":"Server listening at port 3000 in undefined mode","timestamp":"2025-11-20T17:50:12.830Z"}
{"level":"info","message":"Server listening at port 3000 in undefined mode","timestamp":"2025-11-20T17:50:14.931Z"}
{"level":"info","message":"Server listening at port 3000 in undefined mode","timestamp":"2025-11-20T17:50:16.024Z"}
{"level":"info","message":"Server listening at port 3000 in undefined mode","timestamp":"2025-11-20T17:50:18.265Z"}
{"level":"info","message":"Server listening at port 3000 in undefined mode","timestamp":"2025-11-20T17:50:46.479Z"}
{"level":"info","message":"Server listening at port 3000 in undefined mode","timestamp":"2025-11-20T17:50:53.174Z"}
{"level":"info","message":"Server listening at port 3000 in undefined mode","timestamp":"2025-11-20T17:50:57.406Z"}
{"level":"info","message":"Server listening at port 3000 in undefined mode","timestamp":"2025-11-20T17:50:59.741Z"}
{"level":"info","message":"Server listening at port 3000 in undefined mode","timestamp":"2025-11-20T17:51:07.088Z"}
{"level":"info","message":"Server listening at port 3000 in undefined mode","timestamp":"2025-11-20T17:51:12.128Z"}
{"level":"info","message":"Server listening at port 3000 in undefined mode","timestamp":"2025-11-20T17:51:16.986Z"}
{"level":"info","message":"Server listening at port 3000 in undefined mode","timestamp":"2025-11-20T17:51:28.334Z"}
{"level":"info","message":"Server listening at port 3000 in undefined mode","timestamp":"2025-11-20T17:51:36.835Z"}
{"level":"info","message":"Server listening at port 3000 in undefined mode","timestamp":"2025-11-20T17:51:43.110Z"}
{"level":"info","message":"Server listening at port 3000 in undefined mode","timestamp":"2025-11-20T17:51:45.725Z"}
{"level":"info","message":"Server listening at port 3000 in undefined mode","timestamp":"2025-11-20T17:51:47.768Z"}
{"level":"info","message":"Server listening at port 3000 in undefined mode","timestamp":"2025-11-20T17:51:48.808Z"}
{"level":"info","message":"Server listening at port 3000 in undefined mode","timestamp":"2025-11-20T17:51:52.276Z"}
{"level":"info","message":"Server listening at port 3000 in undefined mode","timestamp":"2025-11-20T17:52:01.889Z"}
{"level":"info","message":"Server listening at port 3000 in undefined mode","timestamp":"2025-11-20T17:52:06.177Z"}
{"level":"info","message":"Server listening at port 3000 in undefined mode","timestamp":"2025-11-20T17:52:15.202Z"}
{"level":"info","message":"Server listening at port 3000 in undefined mode","timestamp":"2025-11-20T17:52:25.659Z"}
{"level":"info","message":"Server listening at port 3000 in undefined mode","timestamp":"2025-11-20T17:52:32.143Z"}
{"level":"info","message":"Server listening at port 3000 in undefined mode","timestamp":"2025-11-20T17:52:36.688Z"}
{"level":"info","message":"Server listening at port 3000 in undefined mode","timestamp":"2025-11-20T17:52:38.457Z"}
{"level":"info","message":"Server listening at port 3000 in undefined mode","timestamp":"2025-11-20T17:52:39.888Z"}
{"level":"info","message":"Server listening at port 3000 in undefined mode","timestamp":"2025-11-20T17:52:44.632Z"}
{"level":"info","message":"Server listening at port 3000 in undefined mode","timestamp":"2025-11-20T17:52:48.847Z"}
{"level":"info","message":"Server listening at port 3000 in undefined mode","timestamp":"2025-11-20T17:52:54.453Z"}
{"level":"info","message":"Server listening at port 3000 in undefined mode","timestamp":"2025-11-20T17:52:57.374Z"}
{"level":"info","message":"Server listening at port 3000 in undefined mode","timestamp":"2025-11-20T17:53:06.069Z"}
{"level":"info","message":"Server listening at port 3000 in undefined mode","timestamp":"2025-11-20T17:53:11.820Z"}
{"level":"info","message":"Server listening at port 3000 in undefined mode","timestamp":"2025-11-20T17:53:18.480Z"}
{"level":"info","message":"Server listening at port 3000 in undefined mode","timestamp":"2025-11-20T17:53:21.511Z"}
{"level":"info","message":"Server listening at port 3000 in undefined mode","timestamp":"2025-11-20T17:53:24.168Z"}
{"level":"info","message":"Server listening at port 3000 in undefined mode","timestamp":"2025-11-20T17:53:31.423Z"}
{"level":"info","message":"Server listening at port 3000 in undefined mode","timestamp":"2025-11-20T17:53:37.573Z"}
{"level":"info","message":"Server listening at port 3000 in undefined mode","timestamp":"2025-11-20T17:53:58.912Z"}
{"level":"info","message":"Server listening at port 3000 in undefined mode","timestamp":"2025-11-20T17:54:02.380Z"}
{"level":"info","message":"Server listening at port 3000 in undefined mode","timestamp":"2025-11-20T17:54:09.397Z"}
{"level":"info","message":"Server listening at port 3000 in undefined mode","timestamp":"2025-11-20T17:54:13.880Z"}
{"level":"info","message":"Server listening at port 3000 in undefined mode","timestamp":"2025-11-20T17:54:21.749Z"}
{"level":"info","message":"Server listening at port 3000 in undefined mode","timestamp":"2025-11-20T17:54:23.400Z"}
{"level":"info","message":"Server listening at port 3000 in undefined mode","timestamp":"2025-11-20T17:54:25.437Z"}
{"level":"info","message":"Server listening at port 3000 in undefined mode","timestamp":"2025-11-20T17:54:31.534Z"}
{"level":"info","message":"Server listening at port 3000 in undefined mode","timestamp":"2025-11-20T17:54:34.802Z"}
{"level":"info","message":"Server listening at port 3000 in undefined mode","timestamp":"2025-11-20T17:54:36.629Z"}
{"level":"info","message":"Server listening at port 3000 in undefined mode","timestamp":"2025-11-20T17:54:37.798Z"}
{"level":"info","message":"Server listening at port 3000 in undefined mode","timestamp":"2025-11-20T17:54:41.288Z"}
{"level":"info","message":"Server listening at port 3000 in undefined mode","timestamp":"2025-11-20T17:54:48.862Z"}
{"level":"info","message":"Server listening at port 3000 in undefined mode","timestamp":"2025-11-20T17:54:51.247Z"}
{"level":"info","message":"Server listening at port 3000 in undefined mode","timestamp":"2025-11-20T17:54:57.160Z"}
{"level":"info","message":"Server listening at port 3000 in undefined mode","timestamp":"2025-11-20T17:54:58.763Z"}
{"level":"info","message":"Server listening at port 3000 in undefined mode","timestamp":"2025-11-20T17:55:03.483Z"}
{"level":"info","message":"Server listening at port 3000 in undefined mode","timestamp":"2025-11-20T17:55:09.573Z"}
{"level":"info","message":"Server listening at port 3000 in undefined mode","timestamp":"2025-11-20T17:55:18.102Z"}
{"level":"info","message":"Server listening at port 3000 in undefined mode","timestamp":"2025-11-20T17:55:22.082Z"}
{"level":"info","message":"Server listening at port 3000 in undefined mode","timestamp":"2025-11-20T17:55:25.442Z"}
{"level":"info","message":"Server listening at port 3000 in undefined mode","timestamp":"2025-11-20T17:55:27.448Z"}
{"level":"info","message":"Server listening at port 3000 in undefined mode","timestamp":"2025-11-20T17:55:29.413Z"}
{"level":"info","message":"Server listening at port 3000 in undefined mode","timestamp":"2025-11-20T17:55:36.425Z"}
{"level":"info","message":"Server listening at port 3000 in undefined mode","timestamp":"2025-11-20T17:55:40.155Z"}
{"level":"info","message":"Server listening at port 3000 in undefined mode","timestamp":"2025-11-20T17:55:41.873Z"}
{"level":"info","message":"Server listening at port 3000 in undefined mode","timestamp":"2025-11-20T17:55:47.019Z"}
{"level":"info","message":"Server listening at port 3000 in undefined mode","timestamp":"2025-11-20T17:55:49.672Z"}
{"level":"info","message":"Server listening at port 3000 in undefined mode","timestamp":"2025-11-20T17:55:54.026Z"}
{"level":"info","message":"Server listening at port 3000 in undefined mode","timestamp":"2025-11-20T17:56:08.777Z"}
{"level":"info","message":"Server listening at port 3000 in undefined mode","timestamp":"2025-11-20T17:57:39.689Z"}
{"level":"info","message":"Server listening at port 3000 in undefined mode","timestamp":"2025-11-20T17:57:45.038Z"}
{"level":"info","message":"Server listening at port 3000 in undefined mode","timestamp":"2025-11-20T17:57:52.460Z"}
{"level":"info","message":"Server listening at port 3000 in undefined mode","timestamp":"2025-11-20T17:58:03.281Z"}
{"level":"info","message":"Server listening at port 3000 in undefined mode","timestamp":"2025-11-20T17:58:04.690Z"}
{"level":"info","message":"Server listening at port 3000 in undefined mode","timestamp":"2025-11-20T17:58:07.606Z"}
{"level":"info","message":"Server listening at port 3000 in undefined mode","timestamp":"2025-11-20T17:58:13.662Z"}
{"level":"info","message":"Server listening at port 3000 in undefined mode","timestamp":"2025-11-20T17:58:21.495Z"}
{"level":"info","message":"Server listening at port 3000 in undefined mode","timestamp":"2025-11-20T17:58:26.523Z"}
{"level":"info","message":"Server listening at port 3000 in undefined mode","timestamp":"2025-11-20T17:58:42.169Z"}
{"level":"info","message":"Server listening at port 3000 in undefined mode","timestamp":"2025-11-20T17:58:45.287Z"}
{"level":"info","message":"Server listening at port 3000 in undefined mode","timestamp":"2025-11-20T17:58:52.326Z"}
{"level":"info","message":"Server listening at port 3000 in undefined mode","timestamp":"2025-11-20T17:58:55.093Z"}
{"level":"info","message":"Server listening at port 3000 in undefined mode","timestamp":"2025-11-20T17:58:56.186Z"}
{"level":"info","message":"Server listening at port 3000 in undefined mode","timestamp":"2025-11-20T17:59:01.637Z"}
{"level":"info","message":"Server listening at port 3000 in undefined mode","timestamp":"2025-11-20T17:59:02.897Z"}
{"level":"info","message":"Server listening at port 3000 in undefined mode","timestamp":"2025-11-20T17:59:05.744Z"}
{"level":"info","message":"Server listening at port 3000 in undefined mode","timestamp":"2025-11-20T17:59:11.463Z"}
{"level":"info","message":"Server listening at port 3000 in undefined mode","timestamp":"2025-11-20T17:59:20.273Z"}
{"level":"info","message":"Server listening at port 3000 in undefined mode","timestamp":"2025-11-20T17:59:26.637Z"}
{"level":"info","message":"Server listening at port 3000 in undefined mode","timestamp":"2025-11-20T17:59:31.809Z"}
{"level":"info","message":"Server listening at port 3000 in undefined mode","timestamp":"2025-11-20T17:59:34.150Z"}
{"level":"info","message":"Server listening at port 3000 in undefined mode","timestamp":"2025-11-20T17:59:45.145Z"}
{"level":"info","message":"Server listening at port 3000 in undefined mode","timestamp":"2025-11-20T17:59:48.461Z"}
{"level":"info","message":"Server listening at port 3000 in undefined mode","timestamp":"2025-11-20T17:59:52.505Z"}
{"level":"info","message":"Server listening at port 3000 in undefined mode","timestamp":"2025-11-20T17:59:53.654Z"}
{"level":"info","message":"Server listening at port 3000 in undefined mode","timestamp":"2025-11-20T17:59:54.852Z"}
{"level":"info","message":"Server listening at port 3000 in undefined mode","timestamp":"2025-11-20T17:59:58.916Z"}
{"level":"info","message":"Server listening at port 3000 in undefined mode","timestamp":"2025-11-20T18:00:00.154Z"}
{"level":"info","message":"Server listening at port 3000 in undefined mode","timestamp":"2025-11-20T18:00:03.322Z"}
{"level":"info","message":"Server listening at port 3000 in undefined mode","timestamp":"2025-11-20T18:00:08.938Z"}
{"level":"info","message":"Server listening at port 3000 in undefined mode","timestamp":"2025-11-20T18:00:15.502Z"}
{"level":"info","message":"Server listening at port 3000 in undefined mode","timestamp":"2025-11-20T18:00:18.658Z"}
{"level":"info","message":"Server listening at port 3000 in undefined mode","timestamp":"2025-11-20T18:00:21.033Z"}
{"level":"info","message":"Server listening at port 3000 in undefined mode","timestamp":"2025-11-20T18:00:43.241Z"}
{"level":"info","message":"Server listening at port 3000 in undefined mode","timestamp":"2025-11-20T18:00:48.585Z"}
{"level":"info","message":"Server listening at port 3000 in undefined mode","timestamp":"2025-11-20T18:01:02.063Z"}
{"level":"info","message":"Server listening at port 3000 in undefined mode","timestamp":"2025-11-20T18:01:07.823Z"}
{"level":"info","message":"Server listening at port 3000 in undefined mode","timestamp":"2025-11-20T18:01:12.919Z"}
{"level":"info","message":"Server listening at port 3000 in undefined mode","timestamp":"2025-11-20T18:01:18.927Z"}
{"level":"info","message":"Server listening at port 3000 in undefined mode","timestamp":"2025-11-20T18:01:34.469Z"}
{"level":"info","message":"Server listening at port 3000 in undefined mode","timestamp":"2025-11-20T18:01:35.648Z"}
{"level":"info","message":"Server listening at port 3000 in undefined mode","timestamp":"2025-11-20T18:01:44.529Z"}
{"level":"info","message":"Server listening at port 3000 in undefined mode","timestamp":"2025-11-20T18:01:46.643Z"}
{"level":"info","message":"Server listening at port 3000 in undefined mode","timestamp":"2025-11-20T18:01:48.116Z"}
{"level":"info","message":"Server listening at port 3000 in undefined mode","timestamp":"2025-11-20T18:01:51.806Z"}
{"level":"info","message":"Server listening at port 3000 in undefined mode","timestamp":"2025-11-20T18:01:55.601Z"}
{"level":"info","message":"Server listening at port 3000 in undefined mode","timestamp":"2025-11-20T18:01:57.482Z"}
{"level":"info","message":"Server listening at port 3000 in undefined mode","timestamp":"2025-11-20T18:01:59.809Z"}
{"level":"info","message":"Server listening at port 3000 in undefined mode","timestamp":"2025-11-20T18:02:03.282Z"}
{"level":"info","message":"Server listening at port 3000 in undefined mode","timestamp":"2025-11-20T18:02:05.162Z"}
{"level":"info","message":"Server listening at port 3000 in undefined mode","timestamp":"2025-11-20T18:02:10.242Z"}
{"level":"info","message":"Server listening at port 3000 in undefined mode","timestamp":"2025-11-20T18:02:17.382Z"}
{"level":"info","message":"Server listening at port 3000 in undefined mode","timestamp":"2025-11-20T18:02:24.456Z"}
{"level":"info","message":"Server listening at port 3000 in undefined mode","timestamp":"2025-11-20T18:02:27.694Z"}
{"level":"info","message":"Server listening at port 3000 in undefined mode","timestamp":"2025-11-20T18:02:34.719Z"}
{"level":"info","message":"Server listening at port 3000 in undefined mode","timestamp":"2025-11-20T18:02:36.503Z"}
{"level":"info","message":"Server listening at port 3000 in undefined mode","timestamp":"2025-11-20T18:02:42.301Z"}
{"level":"info","message":"Server listening at port 3000 in undefined mode","timestamp":"2025-11-20T18:02:44.090Z"}
{"level":"info","message":"Server listening at port 3000 in undefined mode","timestamp":"2025-11-20T18:02:51.428Z"}
{"level":"info","message":"Server listening at port 3000 in undefined mode","timestamp":"2025-11-20T18:02:58.972Z"}
{"level":"info","message":"Server listening at port 3000 in undefined mode","timestamp":"2025-11-20T18:03:02.406Z"}
{"level":"info","message":"Server listening at port 3000 in undefined mode","timestamp":"2025-11-20T18:03:11.545Z"}
{"level":"info","message":"Server listening at port 3000 in undefined mode","timestamp":"2025-11-20T18:03:15.175Z"}
{"level":"info","message":"Server listening at port 3000 in undefined mode","timestamp":"2025-11-20T18:03:18.932Z"}
{"level":"info","message":"Server listening at port 3000 in undefined mode","timestamp":"2025-11-20T18:03:20.645Z"}
{"level":"info","message":"Server listening at port 3000 in undefined mode","timestamp":"2025-11-20T18:03:23.956Z"}
{"level":"info","message":"Server listening at port 3000 in undefined mode","timestamp":"2025-11-20T18:03:33.382Z"}
{"level":"info","message":"Server listening at port 3000 in undefined mode","timestamp":"2025-11-20T18:03:37.374Z"}
{"level":"info","message":"Server listening at port 3000 in undefined mode","timestamp":"2025-11-20T18:03:47.427Z"}
{"level":"info","message":"Server listening at port 3000 in undefined mode","timestamp":"2025-11-20T18:03:53.135Z"}
{"level":"info","message":"Server listening at port 3000 in undefined mode","timestamp":"2025-11-20T18:04:00.627Z"}
{"level":"info","message":"Server listening at port 3000 in undefined mode","timestamp":"2025-11-20T18:04:01.955Z"}
{"level":"info","message":"Server listening at port 3000 in undefined mode","timestamp":"2025-11-20T18:04:03.842Z"}
{"level":"info","message":"Server listening at port 3000 in undefined mode","timestamp":"2025-11-20T18:04:04.953Z"}
{"level":"info","message":"Server listening at port 3000 in undefined mode","timestamp":"2025-11-20T18:04:07.758Z"}
{"level":"info","message":"Server listening at port 3000 in undefined mode","timestamp":"2025-11-20T18:04:12.683Z"}
{"level":"info","message":"Server listening at port 3000 in undefined mode","timestamp":"2025-11-20T18:04:14.075Z"}
{"level":"info","message":"Server listening at port 3000 in undefined mode","timestamp":"2025-11-20T18:04:19.405Z"}
{"level":"info","message":"Server listening at port 3000 in undefined mode","timestamp":"2025-11-20T18:04:24.796Z"}
{"level":"info","message":"Server listening at port 3000 in undefined mode","timestamp":"2025-11-20T18:04:35.034Z"}
{"level":"info","message":"Server listening at port 3000 in undefined mode","timestamp":"2025-11-20T18:04:38.979Z"}
{"level":"info","message":"Server listening at port 3000 in undefined mode","timestamp":"2025-11-20T18:04:48.929Z"}
{"level":"info","message":"Server listening at port 3000 in undefined mode","timestamp":"2025-11-20T18:04:57.065Z"}
{"level":"info","message":"Server listening at port 3000 in undefined mode","timestamp":"2025-11-20T18:04:58.137Z"}
{"level":"info","message":"Server listening at port 3000 in undefined mode","timestamp":"2025-11-20T18:05:01.435Z"}
{"level":"info","message":"Server listening at port 3000 in undefined mode","timestamp":"2025-11-20T18:05:04.960Z"}
{"level":"info","message":"Server listening at port 3000 in undefined mode","timestamp":"2025-11-20T18:05:08.630Z"}
{"level":"info","message":"Server listening at port 3000 in undefined mode","timestamp":"2025-11-20T18:05:10.431Z"}
{"level":"info","message":"Server listening at port 3000 in undefined mode","timestamp":"2025-11-20T18:05:14.662Z"}
{"level":"info","message":"Server listening at port 3000 in undefined mode","timestamp":"2025-11-20T18:05:19.946Z"}
{"level":"info","message":"Server listening at port 3000 in undefined mode","timestamp":"2025-11-20T18:05:26.260Z"}
{"level":"info","message":"Server listening at port 3000 in undefined mode","timestamp":"2025-11-20T18:05:28.656Z"}
{"level":"info","message":"Server listening at port 3000 in undefined mode","timestamp":"2025-11-20T18:05:31.485Z"}
{"level":"info","message":"Server listening at port 3000 in undefined mode","timestamp":"2025-11-20T18:05:37.612Z"}
{"level":"info","message":"Server listening at port 3000 in undefined mode","timestamp":"2025-11-20T18:05:39.356Z"}
{"level":"info","message":"Server listening at port 3000 in undefined mode","timestamp":"2025-11-20T18:05:46.821Z"}
{"level":"info","message":"Server listening at port 3000 in undefined mode","timestamp":"2025-11-20T18:05:51.654Z"}
{"level":"info","message":"Server listening at port 3000 in undefined mode","timestamp":"2025-11-20T18:06:11.163Z"}
{"level":"info","message":"Server listening at port 3000 in undefined mode","timestamp":"2025-11-20T18:06:17.386Z"}
{"level":"info","message":"Server listening at port 3000 in undefined mode","timestamp":"2025-11-20T18:06:48.521Z"}
{"level":"info","message":"Server listening at port 3000 in undefined mode","timestamp":"2025-11-20T18:06:51.042Z"}
{"level":"info","message":"Server listening at port 3000 in undefined mode","timestamp":"2025-11-20T18:06:52.839Z"}
{"level":"info","message":"Server listening at port 3000 in undefined mode","timestamp":"2025-11-20T18:07:07.695Z"}
{"level":"info","message":"Server listening at port 3000 in undefined mode","timestamp":"2025-11-20T18:07:11.581Z"}
{"level":"info","message":"Server listening at port 3000 in undefined mode","timestamp":"2025-11-20T18:07:38.947Z"}
{"level":"info","message":"Server listening at port 3000 in undefined mode","timestamp":"2025-11-20T18:07:42.638Z"}
{"level":"info","message":"Server listening at port 3000 in undefined mode","timestamp":"2025-11-20T18:08:01.127Z"}
{"level":"info","message":"Server listening at port 3000 in undefined mode","timestamp":"2025-11-20T18:08:04.798Z"}
{"level":"info","message":"Server listening at port 3000 in undefined mode","timestamp":"2025-11-20T18:08:07.320Z"}
{"level":"info","message":"Server listening at port 3000 in undefined mode","timestamp":"2025-11-20T18:08:18.552Z"}
{"level":"info","message":"Server listening at port 3000 in undefined mode","timestamp":"2025-11-20T18:08:20.537Z"}
{"level":"info","message":"Server listening at port 3000 in undefined mode","timestamp":"2025-11-20T18:08:22.022Z"}
{"level":"info","message":"Server listening at port 3000 in undefined mode","timestamp":"2025-11-20T18:08:25.464Z"}
{"level":"info","message":"Server listening at port 3000 in undefined mode","timestamp":"2025-11-20T18:08:26.818Z"}
{"level":"info","message":"Server listening at port 3000 in undefined mode","timestamp":"2025-11-20T18:08:29.904Z"}
{"level":"info","message":"Server listening at port 3000 in undefined mode","timestamp":"2025-11-20T18:08:37.515Z"}
{"level":"info","message":"Server listening at port 3000 in undefined mode","timestamp":"2025-11-20T18:08:38.570Z"}
{"level":"info","message":"Server listening at port 3000 in undefined mode","timestamp":"2025-11-20T18:08:45.512Z"}
{"level":"info","message":"Server listening at port 3000 in undefined mode","timestamp":"2025-11-20T18:08:50.473Z"}
{"level":"info","message":"Server listening at port 3000 in undefined mode","timestamp":"2025-11-20T18:08:54.089Z"}
{"level":"info","message":"Server listening at port 3000 in undefined mode","timestamp":"2025-11-20T18:09:05.992Z"}
{"level":"info","message":"Server listening at port 3000 in undefined mode","timestamp":"2025-11-20T18:09:07.063Z"}
{"level":"info","message":"Server listening at port 3000 in undefined mode","timestamp":"2025-11-20T18:09:14.085Z"}
{"level":"info","message":"Server listening at port 3000 in undefined mode","timestamp":"2025-11-20T18:09:17.272Z"}
{"level":"info","message":"Server listening at port 3000 in undefined mode","timestamp":"2025-11-20T18:09:26.544Z"}
{"level":"info","message":"Server listening at port 3000 in undefined mode","timestamp":"2025-11-20T18:09:29.519Z"}
{"level":"info","message":"Server listening at port 3000 in undefined mode","timestamp":"2025-11-20T18:09:34.297Z"}
{"level":"info","message":"Server listening at port 3000 in undefined mode","timestamp":"2025-11-20T18:09:42.452Z"}
{"level":"info","message":"Server listening at port 3000 in undefined mode","timestamp":"2025-11-20T18:09:49.639Z"}
{"level":"info","message":"Server listening at port 3000 in undefined mode","timestamp":"2025-11-20T18:09:53.268Z"}
{"level":"info","message":"Server listening at port 3000 in undefined mode","timestamp":"2025-11-20T18:09:59.795Z"}
{"level":"info","message":"Server listening at port 3000 in undefined mode","timestamp":"2025-11-20T18:10:04.892Z"}
{"level":"info","message":"Server listening at port 3000 in undefined mode","timestamp":"2025-11-20T18:10:06.299Z"}
{"level":"info","message":"Server listening at port 3000 in undefined mode","timestamp":"2025-11-20T18:10:11.561Z"}
{"level":"info","message":"Server listening at port 3000 in undefined mode","timestamp":"2025-11-20T18:10:14.266Z"}
{"level":"info","message":"Server listening at port 3000 in undefined mode","timestamp":"2025-11-20T18:10:24.111Z"}
{"level":"info","message":"Server listening at port 3000 in undefined mode","timestamp":"2025-11-20T18:10:25.566Z"}
{"level":"info","message":"Server listening at port 3000 in undefined mode","timestamp":"2025-11-20T18:10:36.682Z"}
{"level":"info","message":"Server listening at port 3000 in undefined mode","timestamp":"2025-11-20T18:10:46.926Z"}
{"level":"info","message":"Server listening at port 3000 in undefined mode","timestamp":"2025-11-20T18:10:48.114Z"}
{"level":"info","message":"Server listening at port 3000 in undefined mode","timestamp":"2025-11-20T18:10:52.460Z"}
{"level":"info","message":"Server listening at port 3000 in undefined mode","timestamp":"2025-11-20T18:10:53.769Z"}
{"level":"info","message":"Server listening at port 3000 in undefined mode","timestamp":"2025-11-20T18:10:54.992Z"}
{"level":"info","message":"Server listening at port 3000 in undefined mode","timestamp":"2025-11-20T18:11:04.915Z"}
{"level":"info","message":"Server listening at port 3000 in undefined mode","timestamp":"2025-11-20T18:11:22.722Z"}
{"level":"info","message":"Server listening at port 3000 in undefined mode","timestamp":"2025-11-20T18:11:26.482Z"}
{"level":"info","message":"Server listening at port 3000 in undefined mode","timestamp":"2025-11-20T18:11:36.369Z"}
{"level":"info","message":"Server listening at port 3000 in undefined mode","timestamp":"2025-11-20T18:11:42.417Z"}
{"level":"info","message":"Server listening at port 3000 in undefined mode","timestamp":"2025-11-20T18:11:44.358Z"}
{"level":"info","message":"Server listening at port 3000 in undefined mode","timestamp":"2025-11-20T18:11:51.430Z"}
{"level":"info","message":"Server listening at port 3000 in undefined mode","timestamp":"2025-11-20T18:11:55.085Z"}
{"level":"info","message":"Server listening at port 3000 in undefined mode","timestamp":"2025-11-20T18:11:58.262Z"}
{"level":"info","message":"Server listening at port 3000 in undefined mode","timestamp":"2025-11-20T18:12:15.649Z"}
{"level":"info","message":"Server listening at port 3000 in undefined mode","timestamp":"2025-11-20T18:12:16.709Z"}
{"level":"info","message":"Server listening at port 3000 in undefined mode","timestamp":"2025-11-20T18:12:18.353Z"}
{"level":"info","message":"Server listening at port 3000 in undefined mode","timestamp":"2025-11-20T18:12:33.580Z"}
{"level":"info","message":"Server listening at port 3000 in undefined mode","timestamp":"2025-11-20T18:12:54.318Z"}
{"level":"info","message":"Server listening at port 3000 in undefined mode","timestamp":"2025-11-20T18:38:21.010Z"}
{"level":"info","message":"Server listening at port 3000 in undefined mode","timestamp":"2025-11-20T18:38:25.712Z"}
{"level":"info","message":"Server listening at port 3000 in undefined mode","timestamp":"2025-11-20T18:38:31.202Z"}
{"level":"info","message":"Server listening at port 3000 in undefined mode","timestamp":"2025-11-20T18:38:37.586Z"}
{"level":"info","message":"Server listening at port 3000 in undefined mode","timestamp":"2025-11-20T18:38:42.612Z"}
{"level":"info","message":"Server listening at port 3000 in undefined mode","timestamp":"2025-11-20T18:38:50.446Z"}
{"level":"info","message":"Server listening at port 3000 in undefined mode","timestamp":"2025-11-20T18:38:53.312Z"}
{"level":"info","message":"Server listening at port 3000 in undefined mode","timestamp":"2025-11-20T18:38:59.044Z"}
{"level":"info","message":"Server listening at port 3000 in undefined mode","timestamp":"2025-11-20T18:39:04.227Z"}
{"level":"info","message":"Server listening at port 3000 in undefined mode","timestamp":"2025-11-20T18:39:08.881Z"}
{"level":"info","message":"Server listening at port 3000 in undefined mode","timestamp":"2025-11-20T18:39:10.602Z"}
{"level":"info","message":"Server listening at port 3000 in undefined mode","timestamp":"2025-11-20T18:39:11.962Z"}
{"level":"info","message":"Server listening at port 3000 in undefined mode","timestamp":"2025-11-20T18:39:18.283Z"}
{"level":"info","message":"Server listening at port 3000 in undefined mode","timestamp":"2025-11-20T18:39:23.401Z"}
{"level":"info","message":"Server listening at port 3000 in undefined mode","timestamp":"2025-11-20T18:39:27.378Z"}
{"level":"info","message":"Server listening at port 3000 in undefined mode","timestamp":"2025-11-20T18:39:29.476Z"}
{"level":"info","message":"Server listening at port 3000 in undefined mode","timestamp":"2025-11-20T18:39:38.437Z"}
{"level":"info","message":"Server listening at port 3000 in undefined mode","timestamp":"2025-11-20T18:39:43.066Z"}
{"level":"info","message":"Server listening at port 3000 in undefined mode","timestamp":"2025-11-20T18:39:46.483Z"}
{"level":"info","message":"Server listening at port 3000 in undefined mode","timestamp":"2025-11-20T18:39:47.746Z"}
{"level":"info","message":"Server listening at port 3000 in undefined mode","timestamp":"2025-11-20T18:40:06.682Z"}
{"level":"info","message":"Server listening at port 3000 in undefined mode","timestamp":"2025-11-20T18:40:18.909Z"}
{"level":"info","message":"Server listening at port 3000 in undefined mode","timestamp":"2025-11-20T18:40:27.360Z"}
{"level":"info","message":"Server listening at port 3000 in undefined mode","timestamp":"2025-11-20T18:40:40.295Z"}
{"level":"info","message":"Server listening at port 3000 in undefined mode","timestamp":"2025-11-20T18:40:42.313Z"}
{"level":"info","message":"Server listening at port 3000 in undefined mode","timestamp":"2025-11-20T18:40:46.903Z"}
{"level":"info","message":"Server listening at port 3000 in undefined mode","timestamp":"2025-11-20T18:40:53.512Z"}
{"level":"info","message":"Server listening at port 3000 in undefined mode","timestamp":"2025-11-20T18:40:56.285Z"}
{"level":"info","message":"Server listening at port 3000 in undefined mode","timestamp":"2025-11-20T18:40:58.216Z"}
{"level":"info","message":"Server listening at port 3000 in undefined mode","timestamp":"2025-11-20T18:41:02.827Z"}
{"level":"info","message":"Server listening at port 3000 in undefined mode","timestamp":"2025-11-20T18:41:06.064Z"}
{"level":"info","message":"Server listening at port 3000 in undefined mode","timestamp":"2025-11-20T18:41:24.063Z"}
{"level":"info","message":"Server listening at port 3000 in undefined mode","timestamp":"2025-11-20T18:41:34.831Z"}
{"level":"info","message":"Server listening at port 3000 in undefined mode","timestamp":"2025-11-20T18:41:39.526Z"}
{"level":"info","message":"Server listening at port 3000 in undefined mode","timestamp":"2025-11-20T18:41:44.062Z"}
{"level":"info","message":"Server listening at port 3000 in undefined mode","timestamp":"2025-11-20T18:41:52.497Z"}
{"level":"info","message":"Server listening at port 3000 in undefined mode","timestamp":"2025-11-20T18:41:54.147Z"}
{"level":"info","message":"Server listening at port 3000 in undefined mode","timestamp":"2025-11-20T18:42:12.230Z"}
{"level":"info","message":"Server listening at port 3000 in undefined mode","timestamp":"2025-11-20T18:42:22.284Z"}
{"level":"info","message":"Server listening at port 3000 in undefined mode","timestamp":"2025-11-20T18:42:28.050Z"}
{"level":"info","message":"Server listening at port 3000 in undefined mode","timestamp":"2025-11-20T18:42:37.757Z"}
{"level":"info","message":"::1 - - [20/Nov/2025:18:42:59 +0000] \"GET /api/health HTTP/1.1\" 200 46 \"-\" \"Mozilla/5.0 (Windows NT 10.0; Win64; x64) AppleWebKit/537.36 (KHTML, like Gecko) Chrome/142.0.0.0 Safari/537.36\"","timestamp":"2025-11-20T18:42:59.149Z"}
{"level":"info","message":"Server listening at port 3000 in undefined mode","timestamp":"2025-11-20T18:43:17.857Z"}
{"level":"info","message":"Server listening at port 3000 in undefined mode","timestamp":"2025-11-21T11:59:58.548Z"}
{"level":"info","message":"::1 - - [21/Nov/2025:12:01:00 +0000] \"GET / HTTP/1.1\" 404 39 \"-\" \"Mozilla/5.0 (Windows NT 10.0; Win64; x64) AppleWebKit/537.36 (KHTML, like Gecko) Chrome/142.0.0.0 Safari/537.36\"","timestamp":"2025-11-21T12:01:00.294Z"}
{"level":"info","message":"::1 - - [21/Nov/2025:12:01:00 +0000] \"GET /favicon.ico HTTP/1.1\" 404 39 \"http://localhost:3000/\" \"Mozilla/5.0 (Windows NT 10.0; Win64; x64) AppleWebKit/537.36 (KHTML, like Gecko) Chrome/142.0.0.0 Safari/537.36\"","timestamp":"2025-11-21T12:01:00.359Z"}
{"level":"info","message":"::1 - - [21/Nov/2025:12:01:06 +0000] \"GET /api/health HTTP/1.1\" 200 46 \"-\" \"Mozilla/5.0 (Windows NT 10.0; Win64; x64) AppleWebKit/537.36 (KHTML, like Gecko) Chrome/142.0.0.0 Safari/537.36\"","timestamp":"2025-11-21T12:01:06.114Z"}
{"level":"info","message":"Server listening at port 3000 in undefined mode","timestamp":"2025-11-21T12:02:46.734Z"}
{"level":"info","message":"Server listening at port 3000 in undefined mode","timestamp":"2025-11-21T12:02:49.140Z"}
{"level":"info","message":"Server listening at port 3000 in undefined mode","timestamp":"2025-11-21T12:03:06.948Z"}
{"level":"info","message":"Server listening at port 3000 in undefined mode","timestamp":"2025-11-21T12:03:08.868Z"}
{"level":"info","message":"Server listening at port 3000 in undefined mode","timestamp":"2025-11-21T12:03:13.814Z"}
{"level":"info","message":"Server listening at port 3000 in undefined mode","timestamp":"2025-11-21T12:03:24.953Z"}
{"level":"info","message":"Server listening at port 3000 in undefined mode","timestamp":"2025-11-21T12:03:28.550Z"}
{"level":"info","message":"Server listening at port 3000 in undefined mode","timestamp":"2025-11-21T12:03:34.557Z"}
{"level":"info","message":"Server listening at port 3000 in undefined mode","timestamp":"2025-11-21T12:03:36.931Z"}
{"level":"info","message":"Server listening at port 3000 in undefined mode","timestamp":"2025-11-21T12:03:38.806Z"}
{"level":"info","message":"Server listening at port 3000 in undefined mode","timestamp":"2025-11-21T12:03:41.150Z"}
{"level":"info","message":"Server listening at port 3000 in undefined mode","timestamp":"2025-11-21T12:03:48.512Z"}
{"level":"info","message":"Server listening at port 3000 in undefined mode","timestamp":"2025-11-21T12:03:50.473Z"}
{"level":"info","message":"Server listening at port 3000 in undefined mode","timestamp":"2025-11-21T12:03:59.429Z"}
{"level":"info","message":"Server listening at port 3000 in undefined mode","timestamp":"2025-11-21T12:04:05.469Z"}
{"level":"info","message":"Server listening at port 3000 in undefined mode","timestamp":"2025-11-21T12:04:07.129Z"}
{"level":"info","message":"Server listening at port 3000 in undefined mode","timestamp":"2025-11-21T12:04:12.095Z"}
{"level":"info","message":"Server listening at port 3000 in undefined mode","timestamp":"2025-11-21T12:04:16.208Z"}
{"level":"info","message":"Server listening at port 3000 in undefined mode","timestamp":"2025-11-21T12:04:19.624Z"}
{"level":"info","message":"Server listening at port 3000 in undefined mode","timestamp":"2025-11-21T12:04:25.725Z"}
{"level":"info","message":"Server listening at port 3000 in undefined mode","timestamp":"2025-11-21T12:04:29.583Z"}
{"level":"info","message":"Server listening at port 3000 in undefined mode","timestamp":"2025-11-21T12:04:31.844Z"}
{"level":"info","message":"Server listening at port 3000 in undefined mode","timestamp":"2025-11-21T12:04:33.252Z"}
